24-May-2021 14:40:43.528 信息 [main] org.apache.catalina.startup.VersionLoggerListener.log Server.服务器版本: Apache Tomcat/8.5.65
24-May-2021 14:40:43.533 信息 [main] org.apache.catalina.startup.VersionLoggerListener.log 服务器构建:        Mar 30 2021 12:28:40 UTC
24-May-2021 14:40:43.533 信息 [main] org.apache.catalina.startup.VersionLoggerListener.log 服务器版本号:      8.5.65.0
24-May-2021 14:40:43.534 信息 [main] org.apache.catalina.startup.VersionLoggerListener.log 操作系统名称:      Windows 10
24-May-2021 14:40:43.534 信息 [main] org.apache.catalina.startup.VersionLoggerListener.log OS.版本:           10.0
24-May-2021 14:40:43.534 信息 [main] org.apache.catalina.startup.VersionLoggerListener.log 架构:              amd64
24-May-2021 14:40:43.534 信息 [main] org.apache.catalina.startup.VersionLoggerListener.log Java 环境变量:     C:\Program Files\Java\jdk1.8.0_161\jre
24-May-2021 14:40:43.535 信息 [main] org.apache.catalina.startup.VersionLoggerListener.log Java虚拟机版本:    1.8.0_161-b12
24-May-2021 14:40:43.535 信息 [main] org.apache.catalina.startup.VersionLoggerListener.log JVM.供应商:        Oracle Corporation
24-May-2021 14:40:43.535 信息 [main] org.apache.catalina.startup.VersionLoggerListener.log CATALINA_BASE:     D:\nginx\apache-tomcat-8081
24-May-2021 14:40:43.535 信息 [main] org.apache.catalina.startup.VersionLoggerListener.log CATALINA_HOME:     D:\nginx\apache-tomcat-8081
24-May-2021 14:40:43.536 信息 [main] org.apache.catalina.startup.VersionLoggerListener.log 命令行参数：       -Djava.util.logging.config.file=D:\nginx\apache-tomcat-8081\conf\logging.properties
24-May-2021 14:40:43.536 信息 [main] org.apache.catalina.startup.VersionLoggerListener.log 命令行参数：       -Djava.util.logging.manager=org.apache.juli.ClassLoaderLogManager
24-May-2021 14:40:43.536 信息 [main] org.apache.catalina.startup.VersionLoggerListener.log 命令行参数：       -Djdk.tls.ephemeralDHKeySize=2048
24-May-2021 14:40:43.536 信息 [main] org.apache.catalina.startup.VersionLoggerListener.log 命令行参数：       -Djava.protocol.handler.pkgs=org.apache.catalina.webresources
24-May-2021 14:40:43.537 信息 [main] org.apache.catalina.startup.VersionLoggerListener.log 命令行参数：       -Dignore.endorsed.dirs=
24-May-2021 14:40:43.537 信息 [main] org.apache.catalina.startup.VersionLoggerListener.log 命令行参数：       -Dcatalina.base=D:\nginx\apache-tomcat-8081
24-May-2021 14:40:43.538 信息 [main] org.apache.catalina.startup.VersionLoggerListener.log 命令行参数：       -Dcatalina.home=D:\nginx\apache-tomcat-8081
24-May-2021 14:40:43.538 信息 [main] org.apache.catalina.startup.VersionLoggerListener.log 命令行参数：       -Djava.io.tmpdir=D:\nginx\apache-tomcat-8081\temp
24-May-2021 14:40:43.538 信息 [main] org.apache.catalina.core.AprLifecycleListener.lifecycleEvent 使用APR版本[1.7.0]加载了基于APR的Apache Tomcat本机库[1.2.27]。
24-May-2021 14:40:43.539 信息 [main] org.apache.catalina.core.AprLifecycleListener.lifecycleEvent APR功能：IPv6[true]、sendfile[true]、accept filters[false]、random[true]。
24-May-2021 14:40:43.540 信息 [main] org.apache.catalina.core.AprLifecycleListener.lifecycleEvent APR/OpenSSL配置：useAprConnector[false]，useOpenSSL[true]
24-May-2021 14:40:43.547 信息 [main] org.apache.catalina.core.AprLifecycleListener.initializeSSL OpenSSL成功初始化 [OpenSSL 1.1.1k  25 Mar 2021]
24-May-2021 14:40:43.675 信息 [main] org.apache.coyote.AbstractProtocol.init 初始化协议处理器 ["http-nio-8081"]
24-May-2021 14:40:44.362 信息 [main] org.apache.tomcat.util.net.NioSelectorPool.getSharedSelector Using a shared selector for servlet write/read
24-May-2021 14:40:44.373 信息 [main] org.apache.catalina.startup.Catalina.load Initialization processed in 1256 ms
24-May-2021 14:40:44.395 信息 [main] org.apache.catalina.core.StandardService.startInternal 正在启动服务[Catalina]
24-May-2021 14:40:44.396 信息 [main] org.apache.catalina.core.StandardEngine.startInternal 正在启动 Servlet 引擎：[Apache Tomcat/8.5.65]
24-May-2021 14:40:44.410 信息 [localhost-startStop-1] org.apache.catalina.startup.HostConfig.deployDirectory 把web 应用程序部署到目录 [D:\nginx\apache-tomcat-8081\webapps\docs]
24-May-2021 14:40:44.628 信息 [localhost-startStop-1] org.apache.catalina.startup.HostConfig.deployDirectory Web应用程序目录[D:\nginx\apache-tomcat-8081\webapps\docs]的部署已在[216]毫秒内完成
24-May-2021 14:40:44.635 信息 [localhost-startStop-1] org.apache.catalina.startup.HostConfig.deployDirectory 把web 应用程序部署到目录 [D:\nginx\apache-tomcat-8081\webapps\examples]
24-May-2021 14:40:44.911 信息 [localhost-startStop-1] org.apache.catalina.startup.HostConfig.deployDirectory Web应用程序目录[D:\nginx\apache-tomcat-8081\webapps\examples]的部署已在[276]毫秒内完成
24-May-2021 14:40:44.916 信息 [localhost-startStop-1] org.apache.catalina.startup.HostConfig.deployDirectory 把web 应用程序部署到目录 [D:\nginx\apache-tomcat-8081\webapps\host-manager]
24-May-2021 14:40:44.945 信息 [localhost-startStop-1] org.apache.catalina.startup.HostConfig.deployDirectory Web应用程序目录[D:\nginx\apache-tomcat-8081\webapps\host-manager]的部署已在[29]毫秒内完成
24-May-2021 14:40:44.951 信息 [localhost-startStop-1] org.apache.catalina.startup.HostConfig.deployDirectory 把web 应用程序部署到目录 [D:\nginx\apache-tomcat-8081\webapps\manager]
24-May-2021 14:40:44.979 信息 [localhost-startStop-1] org.apache.catalina.startup.HostConfig.deployDirectory Web应用程序目录[D:\nginx\apache-tomcat-8081\webapps\manager]的部署已在[28]毫秒内完成
24-May-2021 14:40:44.980 信息 [localhost-startStop-1] org.apache.catalina.startup.HostConfig.deployDirectory 把web 应用程序部署到目录 [D:\nginx\apache-tomcat-8081\webapps\ROOT]
24-May-2021 14:40:45.009 信息 [localhost-startStop-1] org.apache.catalina.startup.HostConfig.deployDirectory Web应用程序目录[D:\nginx\apache-tomcat-8081\webapps\ROOT]的部署已在[30]毫秒内完成
24-May-2021 14:40:45.012 信息 [main] org.apache.coyote.AbstractProtocol.start 开始协议处理句柄["http-nio-8081"]
24-May-2021 14:40:45.026 信息 [main] org.apache.catalina.startup.Catalina.start Server startup in 653 ms
24-May-2021 14:42:55.167 信息 [localhost-startStop-2] org.apache.catalina.startup.HostConfig.deployDirectory 把web 应用程序部署到目录 [D:\nginx\apache-tomcat-8081\webapps\linkmanSys]
24-May-2021 14:42:56.219 信息 [localhost-startStop-2] org.apache.jasper.servlet.TldScanner.scanJars 至少有一个JAR被扫描用于TLD但尚未包含TLD。 为此记录器启用调试日志记录，以获取已扫描但未在其中找到TLD的完整JAR列表。 在扫描期间跳过不需要的JAR可以缩短启动时间和JSP编译时间。
24-May-2021 14:42:56.268 信息 [localhost-startStop-2] org.apache.catalina.startup.HostConfig.deployDirectory Web应用程序目录[D:\nginx\apache-tomcat-8081\webapps\linkmanSys]的部署已在[1,101]毫秒内完成
